Context name: job-3

  subject: job/data/context:job-3

Context name: unknown1
  coffee/change = none
  coffee/paid = 0
  payment/method = none
  payment/paid = none
  recipe = Context name: unknown0
  amtChocolate = 0
  amtCoffee = 6
  amtMilk = 0
  amtSugar = 1
  name = espresso
  price = 50
 scope: [coffee/paid, payment/method, coffee/change, recipe, recipe/name, payment/paid]
  recipe/name = espresso
  job-3/coffee/coffee/change = none
  job-3/coffee/coffee/paid = 0
  job-3/coffee/payment/method = none
  job-3/coffee/payment/paid = none
  job-3/coffee/recipe = Context name: unknown0
  amtChocolate = 0
  amtCoffee = 6
  amtMilk = 0
  amtSugar = 1
  name = espresso
  price = 50
 scope: [coffee/paid, payment/method, coffee/change, recipe, recipe/name, payment/paid]
  job-3/coffee/recipe/name = espresso
Context name: unknown2
  description = Coffee is lacking milk
  job-3/rma/description = Coffee is lacking milk
INFO  15:55:03.335 sorcer.util.ServiceAccessor - Lookup name: null, type: sorcer.core.provider.Jobber, timeout: 3000, filter: null
INFO  15:55:06.339 sorcer.util.ServiceAccessor - Found [0] instances of name: null, type: sorcer.core.provider.Jobber
INFO  15:55:09.341 sorcer.util.ServiceAccessor - Found [0] instances of name: null, type: sorcer.core.provider.Jobber
INFO  15:55:12.346 sorcer.util.ServiceAccessor - Found [0] instances of name: null, type: sorcer.core.provider.Jobber
INFO  15:55:15.350 sorcer.util.ServiceAccessor - Found [0] instances of name: null, type: sorcer.core.provider.Jobber
> Building 94% > :examples:nextgencoffeemaker:runRequestor^C
